# JRE version: Java(TM) SE Runtime Environment (8.0_66-b18) (build 1.8.0_66-b18)
# Java VM: Java HotSpot(TM) 64-Bit Server VM (25.66-b18 mixed mode windows-amd64 compressed oops)
Heap:
 PSYoungGen      total 30720K, used 15077K [0x00000000e0000000, 0x00000000e2600000, 0x0000000100000000)
  eden space 23552K, 64% used [0x00000000e0000000,0x00000000e0eb94c0,0x00000000e1700000)
  from space 7168K, 0% used [0x00000000e1700000,0x00000000e1700000,0x00000000e1e00000)
  to   space 7680K, 0% used [0x00000000e1e80000,0x00000000e1e80000,0x00000000e2600000)
 ParOldGen       total 69632K, used 34127K [0x00000000a0000000, 0x00000000a4400000, 0x00000000e0000000)
  object space 69632K, 49% used [0x00000000a0000000,0x00000000a2153ee8,0x00000000a4400000)
 Metaspace       used 60133K, capacity 61848K, committed 62080K, reserved 1101824K
  class space    used 8368K, capacity 8779K, committed 8832K, reserved 1048576K
GC Heap History (10 events):
Event: 60.128 GC heap before
{Heap before GC invocations=26 (full 2):
 PSYoungGen      total 26112K, used 26075K [0x00000000e0000000, 0x00000000e2700000, 0x0000000100000000)
  eden space 23552K, 100% used [0x00000000e0000000,0x00000000e1700000,0x00000000e1700000)
  from space 2560K, 98% used [0x00000000e1780000,0x00000000e19f6d80,0x00000000e1a00000)
  to   space 8192K, 0% used [0x00000000e1f00000,0x00000000e1f00000,0x00000000e2700000)
 ParOldGen       total 52736K, used 29013K [0x00000000a0000000, 0x00000000a3380000, 0x00000000e0000000)
  object space 52736K, 55% used [0x00000000a0000000,0x00000000a1c55728,0x00000000a3380000)
 Metaspace       used 55267K, capacity 56814K, committed 57088K, reserved 1097728K
  class space    used 7722K, capacity 8114K, committed 8192K, reserved 1048576K
Event: 60.132 GC heap after
Heap after GC invocations=26 (full 2):
 PSYoungGen      total 30720K, used 3487K [0x00000000e0000000, 0x00000000e2600000, 0x0000000100000000)
  eden space 23552K, 0% used [0x00000000e0000000,0x00000000e0000000,0x00000000e1700000)
  from space 7168K, 48% used [0x00000000e1f00000,0x00000000e2267e48,0x00000000e2600000)
  to   space 7680K, 0% used [0x00000000e1700000,0x00000000e1700000,0x00000000e1e80000)
 ParOldGen       total 52736K, used 30461K [0x00000000a0000000, 0x00000000a3380000, 0x00000000e0000000)
  object space 52736K, 57% used [0x00000000a0000000,0x00000000a1dbf728,0x00000000a3380000)
 Metaspace       used 55267K, capacity 56814K, committed 57088K, reserved 1097728K
  class space    used 7722K, capacity 8114K, committed 8192K, reserved 1048576K
}
Event: 73.349 GC heap before
{Heap before GC invocations=27 (full 2):
 PSYoungGen      total 30720K, used 27039K [0x00000000e0000000, 0x00000000e2600000, 0x0000000100000000)
  eden space 23552K, 100% used [0x00000000e0000000,0x00000000e1700000,0x00000000e1700000)
  from space 7168K, 48% used [0x00000000e1f00000,0x00000000e2267e48,0x00000000e2600000)
  to   space 7680K, 0% used [0x00000000e1700000,0x00000000e1700000,0x00000000e1e80000)
 ParOldGen       total 52736K, used 30461K [0x00000000a0000000, 0x00000000a3380000, 0x00000000e0000000)
  object space 52736K, 57% used [0x00000000a0000000,0x00000000a1dbf728,0x00000000a3380000)
 Metaspace       used 55929K, capacity 57580K, committed 57856K, reserved 1099776K
  class space    used 7798K, capacity 8189K, committed 8192K, reserved 1048576K
Event: 73.353 GC heap after
Heap after GC invocations=27 (full 2):
 PSYoungGen      total 31232K, used 1888K [0x00000000e0000000, 0x00000000e2600000, 0x0000000100000000)
  eden space 23552K, 0% used [0x00000000e0000000,0x00000000e0000000,0x00000000e1700000)
  from space 7680K, 24% used [0x00000000e1700000,0x00000000e18d8000,0x00000000e1e80000)
  to   space 7680K, 0% used [0x00000000e1e80000,0x00000000e1e80000,0x00000000e2600000)
 ParOldGen       total 52736K, used 32210K [0x00000000a0000000, 0x00000000a3380000, 0x00000000e0000000)
  object space 52736K, 61% used [0x00000000a0000000,0x00000000a1f74ba8,0x00000000a3380000)
 Metaspace       used 55929K, capacity 57580K, committed 57856K, reserved 1099776K
  class space    used 7798K, capacity 8189K, committed 8192K, reserved 1048576K
}
Event: 78.501 GC heap before
{Heap before GC invocations=28 (full 2):
 PSYoungGen      total 31232K, used 25440K [0x00000000e0000000, 0x00000000e2600000, 0x0000000100000000)
  eden space 23552K, 100% used [0x00000000e0000000,0x00000000e1700000,0x00000000e1700000)
  from space 7680K, 24% used [0x00000000e1700000,0x00000000e18d8000,0x00000000e1e80000)
  to   space 7680K, 0% used [0x00000000e1e80000,0x00000000e1e80000,0x00000000e2600000)
 ParOldGen       total 52736K, used 32210K [0x00000000a0000000, 0x00000000a3380000, 0x00000000e0000000)
  object space 52736K, 61% used [0x00000000a0000000,0x00000000a1f74ba8,0x00000000a3380000)
 Metaspace       used 56222K, capacity 57822K, committed 57984K, reserved 1099776K
  class space    used 7836K, capacity 8226K, committed 8320K, reserved 1048576K
Event: 78.505 GC heap after
Heap after GC invocations=28 (full 2):
 PSYoungGen      total 30208K, used 3424K [0x00000000e0000000, 0x00000000e2500000, 0x0000000100000000)
  eden space 23552K, 0% used [0x00000000e0000000,0x00000000e0000000,0x00000000e1700000)
  from space 6656K, 51% used [0x00000000e1e80000,0x00000000e21d8000,0x00000000e2500000)
  to   space 7168K, 0% used [0x00000000e1700000,0x00000000e1700000,0x00000000e1e00000)
 ParOldGen       total 52736K, used 32218K [0x00000000a0000000, 0x00000000a3380000, 0x00000000e0000000)
  object space 52736K, 61% used [0x00000000a0000000,0x00000000a1f76ba8,0x00000000a3380000)
 Metaspace       used 56222K, capacity 57822K, committed 57984K, reserved 1099776K
  class space    used 7836K, capacity 8226K, committed 8320K, reserved 1048576K
}
Event: 82.516 GC heap before
{Heap before GC invocations=29 (full 2):
 PSYoungGen      total 30208K, used 14359K [0x00000000e0000000, 0x00000000e2500000, 0x0000000100000000)
  eden space 23552K, 46% used [0x00000000e0000000,0x00000000e0aadca0,0x00000000e1700000)
  from space 6656K, 51% used [0x00000000e1e80000,0x00000000e21d8000,0x00000000e2500000)
  to   space 7168K, 0% used [0x00000000e1700000,0x00000000e1700000,0x00000000e1e00000)
 ParOldGen       total 52736K, used 32218K [0x00000000a0000000, 0x00000000a3380000, 0x00000000e0000000)
  object space 52736K, 61% used [0x00000000a0000000,0x00000000a1f76ba8,0x00000000a3380000)
 Metaspace       used 57377K, capacity 59000K, committed 59136K, reserved 1099776K
  class space    used 8008K, capacity 8427K, committed 8448K, reserved 1048576K
Event: 82.521 GC heap after
Heap after GC invocations=29 (full 2):
 PSYoungGen      total 30720K, used 5744K [0x00000000e0000000, 0x00000000e2600000, 0x0000000100000000)
  eden space 23552K, 0% used [0x00000000e0000000,0x00000000e0000000,0x00000000e1700000)
  from space 7168K, 80% used [0x00000000e1700000,0x00000000e1c9c010,0x00000000e1e00000)
  to   space 7680K, 0% used [0x00000000e1e80000,0x00000000e1e80000,0x00000000e2600000)
 ParOldGen       total 52736K, used 32226K [0x00000000a0000000, 0x00000000a3380000, 0x00000000e0000000)
  object space 52736K, 61% used [0x00000000a0000000,0x00000000a1f78ba8,0x00000000a3380000)
 Metaspace       used 57377K, capacity 59000K, committed 59136K, reserved 1099776K
  class space    used 8008K, capacity 8427K, committed 8448K, reserved 1048576K
}
Event: 82.521 GC heap before
{Heap before GC invocations=30 (full 3):
 PSYoungGen      total 30720K, used 5744K [0x00000000e0000000, 0x00000000e2600000, 0x0000000100000000)
  eden space 23552K, 0% used [0x00000000e0000000,0x00000000e0000000,0x00000000e1700000)
  from space 7168K, 80% used [0x00000000e1700000,0x00000000e1c9c010,0x00000000e1e00000)
  to   space 7680K, 0% used [0x00000000e1e80000,0x00000000e1e80000,0x00000000e2600000)
 ParOldGen       total 52736K, used 32226K [0x00000000a0000000, 0x00000000a3380000, 0x00000000e0000000)
  object space 52736K, 61% used [0x00000000a0000000,0x00000000a1f78ba8,0x00000000a3380000)
 Metaspace       used 57377K, capacity 59000K, committed 59136K, reserved 1099776K
  class space    used 8008K, capacity 8427K, committed 8448K, reserved 1048576K
Event: 82.810 GC heap after
Heap after GC invocations=30 (full 3):
 PSYoungGen      total 30720K, used 0K [0x00000000e0000000, 0x00000000e2600000, 0x0000000100000000)
  eden space 23552K, 0% used [0x00000000e0000000,0x00000000e0000000,0x00000000e1700000)
  from space 7168K, 0% used [0x00000000e1700000,0x00000000e1700000,0x00000000e1e00000)
  to   space 7680K, 0% used [0x00000000e1e80000,0x00000000e1e80000,0x00000000e2600000)
 ParOldGen       total 69632K, used 34127K [0x00000000a0000000, 0x00000000a4400000, 0x00000000e0000000)
  object space 69632K, 49% used [0x00000000a0000000,0x00000000a2153ee8,0x00000000a4400000)
 Metaspace       used 57377K, capacity 59000K, committed 59136K, reserved 1099776K
  class space    used 8008K, capacity 8427K, committed 8448K, reserved 1048576K
}

